<?xml version="1.0" encoding="UTF-8"?>
<!-- Generated by org.testng.reporters.JUnitReportReporter -->
<testsuite hostname="LAPTOP-1IDFHBIG" failures="0" tests="1" name="regression.DashboardTest" time="2.365" errors="0" timestamp="2024-12-22T17:43:28 IST" skipped="0">
  <testcase classname="regression.DashboardTest" name="customerclick" time="2.365"/>
</testsuite> <!-- regression.DashboardTest -->
