<?xml version="1.0" encoding="UTF-8"?>
<!-- Generated by org.testng.reporters.JUnitReportReporter -->
<testsuite hostname="LAPTOP-1IDFHBIG" failures="0" tests="1" name="regression.LoginTest" time="14.854" errors="0" timestamp="2024-12-22T17:14:58 IST" skipped="0">
  <testcase classname="regression.LoginTest" name="loginTest" time="14.854"/>
</testsuite> <!-- regression.LoginTest -->
