<?xml version="1.0" encoding="UTF-8"?>
<!-- Generated by org.testng.reporters.JUnitReportReporter -->
<testsuite hostname="LAPTOP-1IDFHBIG" failures="0" tests="1" name="regression.AddCustomerTest" time="2.986" errors="0" timestamp="2024-12-22T15:34:57 IST" skipped="0">
  <testcase classname="regression.AddCustomerTest" name="AddCustomer" time="2.986"/>
</testsuite> <!-- regression.AddCustomerTest -->
